CRITICAL - 2023-01-11 23:12:26 --> Undefined variable $data
in APPPATH\Views\hello\world.php on line 4.
 1 APPPATH\Views\hello\world.php(4): CodeIgniter\Debug\Exceptions->errorHandler(2, 'Undefined variable $data', 'APPPATH\\Views\\hello\\world.php', 4)
 2 SYSTEMPATH\View\View.php(213): include('APPPATH\\Views\\hello\\world.php')
 3 SYSTEMPATH\View\View.php(216): CodeIgniter\View\View->CodeIgniter\View\{closure}()
 4 SYSTEMPATH\Common.php(1135): CodeIgniter\View\View->render('hello/world', [], true)
 5 APPPATH\Controllers\Home.php(9): view('hello/world')
 6 SYSTEMPATH\CodeIgniter.php(925): App\Controllers\Home->index()
 7 SYSTEMPATH\CodeIgniter.php(480): CodeIgniter\CodeIgniter->runController(Object(App\Controllers\Home))
 8 SYSTEMPATH\CodeIgniter.php(349): CodeIgniter\CodeIgniter->handleRequest(null, Object(Config\Cache), false)
 9 FCPATH\index.php(67): CodeIgniter\CodeIgniter->run()
10 SYSTEMPATH\Commands\Server\rewrite.php(47): require_once('FCPATH\\index.php')
CRITICAL - 2023-01-11 23:13:54 --> View themes, no current section.
in SYSTEMPATH\View\View.php on line 394.
 1 APPPATH\Views\layout.php(66): CodeIgniter\View\View->endSection('content')
 2 SYSTEMPATH\View\View.php(213): include('APPPATH\\Views\\layout.php')
 3 SYSTEMPATH\View\View.php(216): CodeIgniter\View\View->CodeIgniter\View\{closure}()
 4 SYSTEMPATH\View\View.php(229): CodeIgniter\View\View->render('layout', [], true)
 5 SYSTEMPATH\Common.php(1135): CodeIgniter\View\View->render('hello/world', [], true)
 6 APPPATH\Controllers\Home.php(9): view('hello/world')
 7 SYSTEMPATH\CodeIgniter.php(925): App\Controllers\Home->index()
 8 SYSTEMPATH\CodeIgniter.php(480): CodeIgniter\CodeIgniter->runController(Object(App\Controllers\Home))
 9 SYSTEMPATH\CodeIgniter.php(349): CodeIgniter\CodeIgniter->handleRequest(null, Object(Config\Cache), false)
10 FCPATH\index.php(67): CodeIgniter\CodeIgniter->run()
11 SYSTEMPATH\Commands\Server\rewrite.php(47): require_once('FCPATH\\index.php')
ERROR - 2023-01-11 23:31:55 --> Error connecting to the database: ErrorException: mysqli::real_connect(): php_network_getaddresses: getaddrinfo for fullstack_db failed: No such host is known.  in C:\xampp\htdocs\toko_codeigniter\backend\system\Database\MySQLi\Connection.php:171
Stack trace:
#0 [internal function]: CodeIgniter\Debug\Exceptions->errorHandler(2, 'mysqli::real_co...', 'C:\\xampp\\htdocs...', 171)
#1 C:\xampp\htdocs\toko_codeigniter\backend\system\Database\MySQLi\Connection.php(171): mysqli->real_connect('fullstack_db', 'root', '', 'ci4', 3306, '', 0)
#2 C:\xampp\htdocs\toko_codeigniter\backend\system\Database\BaseConnection.php(382): CodeIgniter\Database\MySQLi\Connection->connect(false)
#3 C:\xampp\htdocs\toko_codeigniter\backend\system\Database\BaseConnection.php(561): CodeIgniter\Database\BaseConnection->initialize()
#4 C:\xampp\htdocs\toko_codeigniter\backend\system\Database\BaseConnection.php(1361): CodeIgniter\Database\BaseConnection->query('SHOW TABLES FRO...')
#5 C:\xampp\htdocs\toko_codeigniter\backend\system\Database\BaseConnection.php(1380): CodeIgniter\Database\BaseConnection->listTables()
#6 C:\xampp\htdocs\toko_codeigniter\backend\system\Database\MigrationRunner.php(760): CodeIgniter\Database\BaseConnection->tableExists('migrations')
#7 C:\xampp\htdocs\toko_codeigniter\backend\system\Database\MigrationRunner.php(168): CodeIgniter\Database\MigrationRunner->ensureTable()
#8 C:\xampp\htdocs\toko_codeigniter\backend\system\Commands\Database\Migrate.php(84): CodeIgniter\Database\MigrationRunner->latest(NULL)
#9 C:\xampp\htdocs\toko_codeigniter\backend\system\CLI\Commands.php(63): CodeIgniter\Commands\Database\Migrate->run(Array)
#10 C:\xampp\htdocs\toko_codeigniter\backend\system\CLI\CommandRunner.php(65): CodeIgniter\CLI\Commands->run('migrate', Array)
#11 C:\xampp\htdocs\toko_codeigniter\backend\system\CLI\CommandRunner.php(51): CodeIgniter\CLI\CommandRunner->index(Array)
#12 C:\xampp\htdocs\toko_codeigniter\backend\system\CodeIgniter.php(918): CodeIgniter\CLI\CommandRunner->_remap('index', Array)
#13 C:\xampp\htdocs\toko_codeigniter\backend\system\CodeIgniter.php(480): CodeIgniter\CodeIgniter->runController(Object(CodeIgniter\CLI\CommandRunner))
#14 C:\xampp\htdocs\toko_codeigniter\backend\system\CodeIgniter.php(345): CodeIgniter\CodeIgniter->handleRequest(NULL, Object(Config\Cache), false)
#15 C:\xampp\htdocs\toko_codeigniter\backend\system\CLI\Console.php(48): CodeIgniter\CodeIgniter->run()
#16 C:\xampp\htdocs\toko_codeigniter\backend\spark(98): CodeIgniter\CLI\Console->run()
#17 {main}

Next mysqli_sql_exception: php_network_getaddresses: getaddrinfo for fullstack_db failed: No such host is known.  in C:\xampp\htdocs\toko_codeigniter\backend\system\Database\MySQLi\Connection.php:171
Stack trace:
#0 C:\xampp\htdocs\toko_codeigniter\backend\system\Database\MySQLi\Connection.php(171): mysqli->real_connect('fullstack_db', 'root', '', 'ci4', 3306, '', 0)
#1 C:\xampp\htdocs\toko_codeigniter\backend\system\Database\BaseConnection.php(382): CodeIgniter\Database\MySQLi\Connection->connect(false)
#2 C:\xampp\htdocs\toko_codeigniter\backend\system\Database\BaseConnection.php(561): CodeIgniter\Database\BaseConnection->initialize()
#3 C:\xampp\htdocs\toko_codeigniter\backend\system\Database\BaseConnection.php(1361): CodeIgniter\Database\BaseConnection->query('SHOW TABLES FRO...')
#4 C:\xampp\htdocs\toko_codeigniter\backend\system\Database\BaseConnection.php(1380): CodeIgniter\Database\BaseConnection->listTables()
#5 C:\xampp\htdocs\toko_codeigniter\backend\system\Database\MigrationRunner.php(760): CodeIgniter\Database\BaseConnection->tableExists('migrations')
#6 C:\xampp\htdocs\toko_codeigniter\backend\system\Database\MigrationRunner.php(168): CodeIgniter\Database\MigrationRunner->ensureTable()
#7 C:\xampp\htdocs\toko_codeigniter\backend\system\Commands\Database\Migrate.php(84): CodeIgniter\Database\MigrationRunner->latest(NULL)
#8 C:\xampp\htdocs\toko_codeigniter\backend\system\CLI\Commands.php(63): CodeIgniter\Commands\Database\Migrate->run(Array)
#9 C:\xampp\htdocs\toko_codeigniter\backend\system\CLI\CommandRunner.php(65): CodeIgniter\CLI\Commands->run('migrate', Array)
#10 C:\xampp\htdocs\toko_codeigniter\backend\system\CLI\CommandRunner.php(51): CodeIgniter\CLI\CommandRunner->index(Array)
#11 C:\xampp\htdocs\toko_codeigniter\backend\system\CodeIgniter.php(918): CodeIgniter\CLI\CommandRunner->_remap('index', Array)
#12 C:\xampp\htdocs\toko_codeigniter\backend\system\CodeIgniter.php(480): CodeIgniter\CodeIgniter->runController(Object(CodeIgniter\CLI\CommandRunner))
#13 C:\xampp\htdocs\toko_codeigniter\backend\system\CodeIgniter.php(345): CodeIgniter\CodeIgniter->handleRequest(NULL, Object(Config\Cache), false)
#14 C:\xampp\htdocs\toko_codeigniter\backend\system\CLI\Console.php(48): CodeIgniter\CodeIgniter->run()
#15 C:\xampp\htdocs\toko_codeigniter\backend\spark(98): CodeIgniter\CLI\Console->run()
#16 {main}

Next CodeIgniter\Database\Exceptions\DatabaseException: php_network_getaddresses: getaddrinfo for fullstack_db failed: No such host is known.  in C:\xampp\htdocs\toko_codeigniter\backend\system\Database\MySQLi\Connection.php:215
Stack trace:
#0 C:\xampp\htdocs\toko_codeigniter\backend\system\Database\BaseConnection.php(382): CodeIgniter\Database\MySQLi\Connection->connect(false)
#1 C:\xampp\htdocs\toko_codeigniter\backend\system\Database\BaseConnection.php(561): CodeIgniter\Database\BaseConnection->initialize()
#2 C:\xampp\htdocs\toko_codeigniter\backend\system\Database\BaseConnection.php(1361): CodeIgniter\Database\BaseConnection->query('SHOW TABLES FRO...')
#3 C:\xampp\htdocs\toko_codeigniter\backend\system\Database\BaseConnection.php(1380): CodeIgniter\Database\BaseConnection->listTables()
#4 C:\xampp\htdocs\toko_codeigniter\backend\system\Database\MigrationRunner.php(760): CodeIgniter\Database\BaseConnection->tableExists('migrations')
#5 C:\xampp\htdocs\toko_codeigniter\backend\system\Database\MigrationRunner.php(168): CodeIgniter\Database\MigrationRunner->ensureTable()
#6 C:\xampp\htdocs\toko_codeigniter\backend\system\Commands\Database\Migrate.php(84): CodeIgniter\Database\MigrationRunner->latest(NULL)
#7 C:\xampp\htdocs\toko_codeigniter\backend\system\CLI\Commands.php(63): CodeIgniter\Commands\Database\Migrate->run(Array)
#8 C:\xampp\htdocs\toko_codeigniter\backend\system\CLI\CommandRunner.php(65): CodeIgniter\CLI\Commands->run('migrate', Array)
#9 C:\xampp\htdocs\toko_codeigniter\backend\system\CLI\CommandRunner.php(51): CodeIgniter\CLI\CommandRunner->index(Array)
#10 C:\xampp\htdocs\toko_codeigniter\backend\system\CodeIgniter.php(918): CodeIgniter\CLI\CommandRunner->_remap('index', Array)
#11 C:\xampp\htdocs\toko_codeigniter\backend\system\CodeIgniter.php(480): CodeIgniter\CodeIgniter->runController(Object(CodeIgniter\CLI\CommandRunner))
#12 C:\xampp\htdocs\toko_codeigniter\backend\system\CodeIgniter.php(345): CodeIgniter\CodeIgniter->handleRequest(NULL, Object(Config\Cache), false)
#13 C:\xampp\htdocs\toko_codeigniter\backend\system\CLI\Console.php(48): CodeIgniter\CodeIgniter->run()
#14 C:\xampp\htdocs\toko_codeigniter\backend\spark(98): CodeIgniter\CLI\Console->run()
#15 {main}
ERROR - 2023-01-11 23:32:24 --> Error connecting to the database: ErrorException: mysqli::real_connect(): php_network_getaddresses: getaddrinfo for fullstack_db failed: No such host is known.  in C:\xampp\htdocs\toko_codeigniter\backend\system\Database\MySQLi\Connection.php:171
Stack trace:
#0 [internal function]: CodeIgniter\Debug\Exceptions->errorHandler(2, 'mysqli::real_co...', 'C:\\xampp\\htdocs...', 171)
#1 C:\xampp\htdocs\toko_codeigniter\backend\system\Database\MySQLi\Connection.php(171): mysqli->real_connect('fullstack_db', 'root', '', 'ci4', 3306, '', 0)
#2 C:\xampp\htdocs\toko_codeigniter\backend\system\Database\BaseConnection.php(382): CodeIgniter\Database\MySQLi\Connection->connect(false)
#3 C:\xampp\htdocs\toko_codeigniter\backend\system\Database\BaseConnection.php(561): CodeIgniter\Database\BaseConnection->initialize()
#4 C:\xampp\htdocs\toko_codeigniter\backend\system\Database\BaseConnection.php(1361): CodeIgniter\Database\BaseConnection->query('SHOW TABLES FRO...')
#5 C:\xampp\htdocs\toko_codeigniter\backend\system\Database\BaseConnection.php(1380): CodeIgniter\Database\BaseConnection->listTables()
#6 C:\xampp\htdocs\toko_codeigniter\backend\system\Database\MigrationRunner.php(760): CodeIgniter\Database\BaseConnection->tableExists('migrations')
#7 C:\xampp\htdocs\toko_codeigniter\backend\system\Database\MigrationRunner.php(168): CodeIgniter\Database\MigrationRunner->ensureTable()
#8 C:\xampp\htdocs\toko_codeigniter\backend\system\Commands\Database\Migrate.php(84): CodeIgniter\Database\MigrationRunner->latest(NULL)
#9 C:\xampp\htdocs\toko_codeigniter\backend\system\CLI\Commands.php(63): CodeIgniter\Commands\Database\Migrate->run(Array)
#10 C:\xampp\htdocs\toko_codeigniter\backend\system\CLI\CommandRunner.php(65): CodeIgniter\CLI\Commands->run('migrate', Array)
#11 C:\xampp\htdocs\toko_codeigniter\backend\system\CLI\CommandRunner.php(51): CodeIgniter\CLI\CommandRunner->index(Array)
#12 C:\xampp\htdocs\toko_codeigniter\backend\system\CodeIgniter.php(918): CodeIgniter\CLI\CommandRunner->_remap('index', Array)
#13 C:\xampp\htdocs\toko_codeigniter\backend\system\CodeIgniter.php(480): CodeIgniter\CodeIgniter->runController(Object(CodeIgniter\CLI\CommandRunner))
#14 C:\xampp\htdocs\toko_codeigniter\backend\system\CodeIgniter.php(345): CodeIgniter\CodeIgniter->handleRequest(NULL, Object(Config\Cache), false)
#15 C:\xampp\htdocs\toko_codeigniter\backend\system\CLI\Console.php(48): CodeIgniter\CodeIgniter->run()
#16 C:\xampp\htdocs\toko_codeigniter\backend\spark(98): CodeIgniter\CLI\Console->run()
#17 {main}

Next mysqli_sql_exception: php_network_getaddresses: getaddrinfo for fullstack_db failed: No such host is known.  in C:\xampp\htdocs\toko_codeigniter\backend\system\Database\MySQLi\Connection.php:171
Stack trace:
#0 C:\xampp\htdocs\toko_codeigniter\backend\system\Database\MySQLi\Connection.php(171): mysqli->real_connect('fullstack_db', 'root', '', 'ci4', 3306, '', 0)
#1 C:\xampp\htdocs\toko_codeigniter\backend\system\Database\BaseConnection.php(382): CodeIgniter\Database\MySQLi\Connection->connect(false)
#2 C:\xampp\htdocs\toko_codeigniter\backend\system\Database\BaseConnection.php(561): CodeIgniter\Database\BaseConnection->initialize()
#3 C:\xampp\htdocs\toko_codeigniter\backend\system\Database\BaseConnection.php(1361): CodeIgniter\Database\BaseConnection->query('SHOW TABLES FRO...')
#4 C:\xampp\htdocs\toko_codeigniter\backend\system\Database\BaseConnection.php(1380): CodeIgniter\Database\BaseConnection->listTables()
#5 C:\xampp\htdocs\toko_codeigniter\backend\system\Database\MigrationRunner.php(760): CodeIgniter\Database\BaseConnection->tableExists('migrations')
#6 C:\xampp\htdocs\toko_codeigniter\backend\system\Database\MigrationRunner.php(168): CodeIgniter\Database\MigrationRunner->ensureTable()
#7 C:\xampp\htdocs\toko_codeigniter\backend\system\Commands\Database\Migrate.php(84): CodeIgniter\Database\MigrationRunner->latest(NULL)
#8 C:\xampp\htdocs\toko_codeigniter\backend\system\CLI\Commands.php(63): CodeIgniter\Commands\Database\Migrate->run(Array)
#9 C:\xampp\htdocs\toko_codeigniter\backend\system\CLI\CommandRunner.php(65): CodeIgniter\CLI\Commands->run('migrate', Array)
#10 C:\xampp\htdocs\toko_codeigniter\backend\system\CLI\CommandRunner.php(51): CodeIgniter\CLI\CommandRunner->index(Array)
#11 C:\xampp\htdocs\toko_codeigniter\backend\system\CodeIgniter.php(918): CodeIgniter\CLI\CommandRunner->_remap('index', Array)
#12 C:\xampp\htdocs\toko_codeigniter\backend\system\CodeIgniter.php(480): CodeIgniter\CodeIgniter->runController(Object(CodeIgniter\CLI\CommandRunner))
#13 C:\xampp\htdocs\toko_codeigniter\backend\system\CodeIgniter.php(345): CodeIgniter\CodeIgniter->handleRequest(NULL, Object(Config\Cache), false)
#14 C:\xampp\htdocs\toko_codeigniter\backend\system\CLI\Console.php(48): CodeIgniter\CodeIgniter->run()
#15 C:\xampp\htdocs\toko_codeigniter\backend\spark(98): CodeIgniter\CLI\Console->run()
#16 {main}

Next CodeIgniter\Database\Exceptions\DatabaseException: php_network_getaddresses: getaddrinfo for fullstack_db failed: No such host is known.  in C:\xampp\htdocs\toko_codeigniter\backend\system\Database\MySQLi\Connection.php:215
Stack trace:
#0 C:\xampp\htdocs\toko_codeigniter\backend\system\Database\BaseConnection.php(382): CodeIgniter\Database\MySQLi\Connection->connect(false)
#1 C:\xampp\htdocs\toko_codeigniter\backend\system\Database\BaseConnection.php(561): CodeIgniter\Database\BaseConnection->initialize()
#2 C:\xampp\htdocs\toko_codeigniter\backend\system\Database\BaseConnection.php(1361): CodeIgniter\Database\BaseConnection->query('SHOW TABLES FRO...')
#3 C:\xampp\htdocs\toko_codeigniter\backend\system\Database\BaseConnection.php(1380): CodeIgniter\Database\BaseConnection->listTables()
#4 C:\xampp\htdocs\toko_codeigniter\backend\system\Database\MigrationRunner.php(760): CodeIgniter\Database\BaseConnection->tableExists('migrations')
#5 C:\xampp\htdocs\toko_codeigniter\backend\system\Database\MigrationRunner.php(168): CodeIgniter\Database\MigrationRunner->ensureTable()
#6 C:\xampp\htdocs\toko_codeigniter\backend\system\Commands\Database\Migrate.php(84): CodeIgniter\Database\MigrationRunner->latest(NULL)
#7 C:\xampp\htdocs\toko_codeigniter\backend\system\CLI\Commands.php(63): CodeIgniter\Commands\Database\Migrate->run(Array)
#8 C:\xampp\htdocs\toko_codeigniter\backend\system\CLI\CommandRunner.php(65): CodeIgniter\CLI\Commands->run('migrate', Array)
#9 C:\xampp\htdocs\toko_codeigniter\backend\system\CLI\CommandRunner.php(51): CodeIgniter\CLI\CommandRunner->index(Array)
#10 C:\xampp\htdocs\toko_codeigniter\backend\system\CodeIgniter.php(918): CodeIgniter\CLI\CommandRunner->_remap('index', Array)
#11 C:\xampp\htdocs\toko_codeigniter\backend\system\CodeIgniter.php(480): CodeIgniter\CodeIgniter->runController(Object(CodeIgniter\CLI\CommandRunner))
#12 C:\xampp\htdocs\toko_codeigniter\backend\system\CodeIgniter.php(345): CodeIgniter\CodeIgniter->handleRequest(NULL, Object(Config\Cache), false)
#13 C:\xampp\htdocs\toko_codeigniter\backend\system\CLI\Console.php(48): CodeIgniter\CodeIgniter->run()
#14 C:\xampp\htdocs\toko_codeigniter\backend\spark(98): CodeIgniter\CLI\Console->run()
#15 {main}
ERROR - 2023-01-11 23:33:19 --> Error connecting to the database: ErrorException: mysqli::real_connect(): php_network_getaddresses: getaddrinfo for fullstack_db failed: No such host is known.  in C:\xampp\htdocs\toko_codeigniter\backend\system\Database\MySQLi\Connection.php:171
Stack trace:
#0 [internal function]: CodeIgniter\Debug\Exceptions->errorHandler(2, 'mysqli::real_co...', 'C:\\xampp\\htdocs...', 171)
#1 C:\xampp\htdocs\toko_codeigniter\backend\system\Database\MySQLi\Connection.php(171): mysqli->real_connect('fullstack_db', 'root', '', 'ci4', 3306, '', 0)
#2 C:\xampp\htdocs\toko_codeigniter\backend\system\Database\BaseConnection.php(382): CodeIgniter\Database\MySQLi\Connection->connect(false)
#3 C:\xampp\htdocs\toko_codeigniter\backend\system\Database\BaseConnection.php(561): CodeIgniter\Database\BaseConnection->initialize()
#4 C:\xampp\htdocs\toko_codeigniter\backend\system\Database\BaseConnection.php(1361): CodeIgniter\Database\BaseConnection->query('SHOW TABLES FRO...')
#5 C:\xampp\htdocs\toko_codeigniter\backend\system\Database\BaseConnection.php(1380): CodeIgniter\Database\BaseConnection->listTables()
#6 C:\xampp\htdocs\toko_codeigniter\backend\system\Database\MigrationRunner.php(760): CodeIgniter\Database\BaseConnection->tableExists('migrations')
#7 C:\xampp\htdocs\toko_codeigniter\backend\system\Database\MigrationRunner.php(168): CodeIgniter\Database\MigrationRunner->ensureTable()
#8 C:\xampp\htdocs\toko_codeigniter\backend\system\Commands\Database\Migrate.php(84): CodeIgniter\Database\MigrationRunner->latest(NULL)
#9 C:\xampp\htdocs\toko_codeigniter\backend\system\CLI\Commands.php(63): CodeIgniter\Commands\Database\Migrate->run(Array)
#10 C:\xampp\htdocs\toko_codeigniter\backend\system\CLI\CommandRunner.php(65): CodeIgniter\CLI\Commands->run('migrate', Array)
#11 C:\xampp\htdocs\toko_codeigniter\backend\system\CLI\CommandRunner.php(51): CodeIgniter\CLI\CommandRunner->index(Array)
#12 C:\xampp\htdocs\toko_codeigniter\backend\system\CodeIgniter.php(918): CodeIgniter\CLI\CommandRunner->_remap('index', Array)
#13 C:\xampp\htdocs\toko_codeigniter\backend\system\CodeIgniter.php(480): CodeIgniter\CodeIgniter->runController(Object(CodeIgniter\CLI\CommandRunner))
#14 C:\xampp\htdocs\toko_codeigniter\backend\system\CodeIgniter.php(345): CodeIgniter\CodeIgniter->handleRequest(NULL, Object(Config\Cache), false)
#15 C:\xampp\htdocs\toko_codeigniter\backend\system\CLI\Console.php(48): CodeIgniter\CodeIgniter->run()
#16 C:\xampp\htdocs\toko_codeigniter\backend\spark(98): CodeIgniter\CLI\Console->run()
#17 {main}

Next mysqli_sql_exception: php_network_getaddresses: getaddrinfo for fullstack_db failed: No such host is known.  in C:\xampp\htdocs\toko_codeigniter\backend\system\Database\MySQLi\Connection.php:171
Stack trace:
#0 C:\xampp\htdocs\toko_codeigniter\backend\system\Database\MySQLi\Connection.php(171): mysqli->real_connect('fullstack_db', 'root', '', 'ci4', 3306, '', 0)
#1 C:\xampp\htdocs\toko_codeigniter\backend\system\Database\BaseConnection.php(382): CodeIgniter\Database\MySQLi\Connection->connect(false)
#2 C:\xampp\htdocs\toko_codeigniter\backend\system\Database\BaseConnection.php(561): CodeIgniter\Database\BaseConnection->initialize()
#3 C:\xampp\htdocs\toko_codeigniter\backend\system\Database\BaseConnection.php(1361): CodeIgniter\Database\BaseConnection->query('SHOW TABLES FRO...')
#4 C:\xampp\htdocs\toko_codeigniter\backend\system\Database\BaseConnection.php(1380): CodeIgniter\Database\BaseConnection->listTables()
#5 C:\xampp\htdocs\toko_codeigniter\backend\system\Database\MigrationRunner.php(760): CodeIgniter\Database\BaseConnection->tableExists('migrations')
#6 C:\xampp\htdocs\toko_codeigniter\backend\system\Database\MigrationRunner.php(168): CodeIgniter\Database\MigrationRunner->ensureTable()
#7 C:\xampp\htdocs\toko_codeigniter\backend\system\Commands\Database\Migrate.php(84): CodeIgniter\Database\MigrationRunner->latest(NULL)
#8 C:\xampp\htdocs\toko_codeigniter\backend\system\CLI\Commands.php(63): CodeIgniter\Commands\Database\Migrate->run(Array)
#9 C:\xampp\htdocs\toko_codeigniter\backend\system\CLI\CommandRunner.php(65): CodeIgniter\CLI\Commands->run('migrate', Array)
#10 C:\xampp\htdocs\toko_codeigniter\backend\system\CLI\CommandRunner.php(51): CodeIgniter\CLI\CommandRunner->index(Array)
#11 C:\xampp\htdocs\toko_codeigniter\backend\system\CodeIgniter.php(918): CodeIgniter\CLI\CommandRunner->_remap('index', Array)
#12 C:\xampp\htdocs\toko_codeigniter\backend\system\CodeIgniter.php(480): CodeIgniter\CodeIgniter->runController(Object(CodeIgniter\CLI\CommandRunner))
#13 C:\xampp\htdocs\toko_codeigniter\backend\system\CodeIgniter.php(345): CodeIgniter\CodeIgniter->handleRequest(NULL, Object(Config\Cache), false)
#14 C:\xampp\htdocs\toko_codeigniter\backend\system\CLI\Console.php(48): CodeIgniter\CodeIgniter->run()
#15 C:\xampp\htdocs\toko_codeigniter\backend\spark(98): CodeIgniter\CLI\Console->run()
#16 {main}

Next CodeIgniter\Database\Exceptions\DatabaseException: php_network_getaddresses: getaddrinfo for fullstack_db failed: No such host is known.  in C:\xampp\htdocs\toko_codeigniter\backend\system\Database\MySQLi\Connection.php:215
Stack trace:
#0 C:\xampp\htdocs\toko_codeigniter\backend\system\Database\BaseConnection.php(382): CodeIgniter\Database\MySQLi\Connection->connect(false)
#1 C:\xampp\htdocs\toko_codeigniter\backend\system\Database\BaseConnection.php(561): CodeIgniter\Database\BaseConnection->initialize()
#2 C:\xampp\htdocs\toko_codeigniter\backend\system\Database\BaseConnection.php(1361): CodeIgniter\Database\BaseConnection->query('SHOW TABLES FRO...')
#3 C:\xampp\htdocs\toko_codeigniter\backend\system\Database\BaseConnection.php(1380): CodeIgniter\Database\BaseConnection->listTables()
#4 C:\xampp\htdocs\toko_codeigniter\backend\system\Database\MigrationRunner.php(760): CodeIgniter\Database\BaseConnection->tableExists('migrations')
#5 C:\xampp\htdocs\toko_codeigniter\backend\system\Database\MigrationRunner.php(168): CodeIgniter\Database\MigrationRunner->ensureTable()
#6 C:\xampp\htdocs\toko_codeigniter\backend\system\Commands\Database\Migrate.php(84): CodeIgniter\Database\MigrationRunner->latest(NULL)
#7 C:\xampp\htdocs\toko_codeigniter\backend\system\CLI\Commands.php(63): CodeIgniter\Commands\Database\Migrate->run(Array)
#8 C:\xampp\htdocs\toko_codeigniter\backend\system\CLI\CommandRunner.php(65): CodeIgniter\CLI\Commands->run('migrate', Array)
#9 C:\xampp\htdocs\toko_codeigniter\backend\system\CLI\CommandRunner.php(51): CodeIgniter\CLI\CommandRunner->index(Array)
#10 C:\xampp\htdocs\toko_codeigniter\backend\system\CodeIgniter.php(918): CodeIgniter\CLI\CommandRunner->_remap('index', Array)
#11 C:\xampp\htdocs\toko_codeigniter\backend\system\CodeIgniter.php(480): CodeIgniter\CodeIgniter->runController(Object(CodeIgniter\CLI\CommandRunner))
#12 C:\xampp\htdocs\toko_codeigniter\backend\system\CodeIgniter.php(345): CodeIgniter\CodeIgniter->handleRequest(NULL, Object(Config\Cache), false)
#13 C:\xampp\htdocs\toko_codeigniter\backend\system\CLI\Console.php(48): CodeIgniter\CodeIgniter->run()
#14 C:\xampp\htdocs\toko_codeigniter\backend\spark(98): CodeIgniter\CLI\Console->run()
#15 {main}
ERROR - 2023-01-11 23:34:43 --> mysqli_sql_exception: Table 'products' already exists in C:\xampp\htdocs\toko_codeigniter\backend\system\Database\MySQLi\Connection.php:292
Stack trace:
#0 C:\xampp\htdocs\toko_codeigniter\backend\system\Database\MySQLi\Connection.php(292): mysqli->query('CREATE TABLE `p...', 0)
#1 C:\xampp\htdocs\toko_codeigniter\backend\system\Database\BaseConnection.php(666): CodeIgniter\Database\MySQLi\Connection->execute('CREATE TABLE `p...')
#2 C:\xampp\htdocs\toko_codeigniter\backend\system\Database\BaseConnection.php(593): CodeIgniter\Database\BaseConnection->simpleQuery('CREATE TABLE `p...')
#3 C:\xampp\htdocs\toko_codeigniter\backend\system\Database\Forge.php(509): CodeIgniter\Database\BaseConnection->query('CREATE TABLE `p...')
#4 C:\xampp\htdocs\toko_codeigniter\backend\app\Database\Migrations\2023-01-12-052836_Products.php(27): CodeIgniter\Database\Forge->createTable('products')
#5 C:\xampp\htdocs\toko_codeigniter\backend\system\Database\MigrationRunner.php(869): App\Database\Migrations\Products->up()
#6 C:\xampp\htdocs\toko_codeigniter\backend\system\Database\MigrationRunner.php(188): CodeIgniter\Database\MigrationRunner->migrate('up', Object(stdClass))
#7 C:\xampp\htdocs\toko_codeigniter\backend\system\Commands\Database\Migrate.php(84): CodeIgniter\Database\MigrationRunner->latest(NULL)
#8 C:\xampp\htdocs\toko_codeigniter\backend\system\CLI\Commands.php(63): CodeIgniter\Commands\Database\Migrate->run(Array)
#9 C:\xampp\htdocs\toko_codeigniter\backend\system\CLI\CommandRunner.php(65): CodeIgniter\CLI\Commands->run('migrate', Array)
#10 C:\xampp\htdocs\toko_codeigniter\backend\system\CLI\CommandRunner.php(51): CodeIgniter\CLI\CommandRunner->index(Array)
#11 C:\xampp\htdocs\toko_codeigniter\backend\system\CodeIgniter.php(918): CodeIgniter\CLI\CommandRunner->_remap('index', Array)
#12 C:\xampp\htdocs\toko_codeigniter\backend\system\CodeIgniter.php(480): CodeIgniter\CodeIgniter->runController(Object(CodeIgniter\CLI\CommandRunner))
#13 C:\xampp\htdocs\toko_codeigniter\backend\system\CodeIgniter.php(345): CodeIgniter\CodeIgniter->handleRequest(NULL, Object(Config\Cache), false)
#14 C:\xampp\htdocs\toko_codeigniter\backend\system\CLI\Console.php(48): CodeIgniter\CodeIgniter->run()
#15 C:\xampp\htdocs\toko_codeigniter\backend\spark(98): CodeIgniter\CLI\Console->run()
#16 {main}
ERROR - 2023-01-11 23:34:46 --> mysqli_sql_exception: Table 'products' already exists in C:\xampp\htdocs\toko_codeigniter\backend\system\Database\MySQLi\Connection.php:292
Stack trace:
#0 C:\xampp\htdocs\toko_codeigniter\backend\system\Database\MySQLi\Connection.php(292): mysqli->query('CREATE TABLE `p...', 0)
#1 C:\xampp\htdocs\toko_codeigniter\backend\system\Database\BaseConnection.php(666): CodeIgniter\Database\MySQLi\Connection->execute('CREATE TABLE `p...')
#2 C:\xampp\htdocs\toko_codeigniter\backend\system\Database\BaseConnection.php(593): CodeIgniter\Database\BaseConnection->simpleQuery('CREATE TABLE `p...')
#3 C:\xampp\htdocs\toko_codeigniter\backend\system\Database\Forge.php(509): CodeIgniter\Database\BaseConnection->query('CREATE TABLE `p...')
#4 C:\xampp\htdocs\toko_codeigniter\backend\app\Database\Migrations\2023-01-12-052836_Products.php(27): CodeIgniter\Database\Forge->createTable('products')
#5 C:\xampp\htdocs\toko_codeigniter\backend\system\Database\MigrationRunner.php(869): App\Database\Migrations\Products->up()
#6 C:\xampp\htdocs\toko_codeigniter\backend\system\Database\MigrationRunner.php(188): CodeIgniter\Database\MigrationRunner->migrate('up', Object(stdClass))
#7 C:\xampp\htdocs\toko_codeigniter\backend\system\Commands\Database\Migrate.php(84): CodeIgniter\Database\MigrationRunner->latest(NULL)
#8 C:\xampp\htdocs\toko_codeigniter\backend\system\CLI\Commands.php(63): CodeIgniter\Commands\Database\Migrate->run(Array)
#9 C:\xampp\htdocs\toko_codeigniter\backend\system\CLI\CommandRunner.php(65): CodeIgniter\CLI\Commands->run('migrate', Array)
#10 C:\xampp\htdocs\toko_codeigniter\backend\system\CLI\CommandRunner.php(51): CodeIgniter\CLI\CommandRunner->index(Array)
#11 C:\xampp\htdocs\toko_codeigniter\backend\system\CodeIgniter.php(918): CodeIgniter\CLI\CommandRunner->_remap('index', Array)
#12 C:\xampp\htdocs\toko_codeigniter\backend\system\CodeIgniter.php(480): CodeIgniter\CodeIgniter->runController(Object(CodeIgniter\CLI\CommandRunner))
#13 C:\xampp\htdocs\toko_codeigniter\backend\system\CodeIgniter.php(345): CodeIgniter\CodeIgniter->handleRequest(NULL, Object(Config\Cache), false)
#14 C:\xampp\htdocs\toko_codeigniter\backend\system\CLI\Console.php(48): CodeIgniter\CodeIgniter->run()
#15 C:\xampp\htdocs\toko_codeigniter\backend\spark(98): CodeIgniter\CLI\Console->run()
#16 {main}
